make all --print-data-base --no-builtin-variables --no-builtin-rules --question
# GNU Make 3.81
# Copyright (C) 2006  Free Software Foundation, Inc.
# This is free software; see the source for copying conditions.
# There is NO warranty; not even for MERCHANTABILITY or FITNESS FOR A
# PARTICULAR PURPOSE.

# This program built for i386-apple-darwin11.3.0

# Make data base, printed on Fri Sep 23 13:52:06 2022

# Variables

# automatic
<D = $(patsubst %/,%,$(dir $<))
# automatic
?F = $(notdir $?)
# environment
ELECTRON_NO_ATTACH_CONSOLE = 1
# environment
DISABLE_AUTO_UPDATE = true
# automatic
?D = $(patsubst %/,%,$(dir $?))
# automatic
@D = $(patsubst %/,%,$(dir $@))
# automatic
@F = $(notdir $@)
# makefile
CURDIR := /Users/kangkai/smart/develop/rust/rust-wrap
# makefile
SHELL = /bin/sh
# environment
PROTOBUF_DIR = .
# environment
VSCODE_NLS_CONFIG = {"locale":"zh-cn","availableLanguages":{},"_languagePackSupport":true}
# environment
_ = /usr/bin/make
# makefile
MAKEFILE_LIST := 
# environment
JAVA_HOME = /opt/local/zulu8.56.0.23-ca-jdk8.0.302-macosx_aarch64
# environment
__CFBundleIdentifier = com.microsoft.VSCodeInsiders
# environment
CGO_CFLAGS = -I/opt/local/zulu8.56.0.23-ca-jdk8.0.302-macosx_aarch64/include -I/opt/local/zulu8.56.0.23-ca-jdk8.0.302-macosx_aarch64/include/darwin
# environment
VSCODE_CWD = /Users/kangkai/smart/develop/rust
# environment
GOPROXY = https://goproxy.cn
# environment
PATH = /Users/kangkai/.wasmtime/bin:/opt/local/bin:/opt/local/sbin:/usr/local/bin:/usr/bin:/bin:/usr/sbin:/sbin:/usr/local/go/bin:/Users/kangkai/.cargo/bin:/Users/kangkai/go/bin:/opt/local/node-v16.14.2-darwin-arm64/bin:/opt/homebrew/bin:/usr/local/mysql/bin
# environment
DISABLE_UPDATE_PROMPT = true
# environment
LSCOLORS = Gxfxcxdxbxegedabagacad
# environment
LaunchInstanceID = 81530806-D73E-4B36-9D89-91ABD2BEEC0B
# environment
ELECTRON_RUN_AS_NODE = 1
# default
.FEATURES := target-specific order-only second-expansion else-if archives jobserver check-symlink
# environment
SSH_AUTH_SOCK = /private/tmp/com.apple.launchd.hiil0QRT93/Listeners
# automatic
%F = $(notdir $%)
# environment
PWD = /Users/kangkai/smart/develop/rust/rust-wrap
# environment
PKG_CONFIG_PATH = :/opt/local/lib:/usr/local/lib/pkgconfig:/opt/local/lib/openssl-1.1/pkgconfig/
# environment
ORIGINAL_XDG_CURRENT_DESKTOP = undefined
# environment
VSCODE_AMD_ENTRYPOINT = vs/workbench/api/node/extensionHostProcess
# environment
HOME = /Users/kangkai
# default
MAKEFILEPATH := /Applications/Xcode.app/Contents/Developer/Makefiles
# environment
VSCODE_CLI = 1
# environment
VSCODE_CODE_CACHE_PATH = /Users/kangkai/Library/Application Support/Code - Insiders/CachedData/0f2de31e4856886cdbf32f85488bc40f480fb38f
# environment
LOGNAME = kangkai
# environment
APPLICATION_INSIGHTS_NO_DIAGNOSTIC_CHANNEL = 1
# environment
WASMTIME_HOME = /Users/kangkai/.wasmtime
# environment
ZSH = /Users/kangkai/.oh-my-zsh
# environment
VSCODE_HANDLES_UNCAUGHT_ERRORS = true
# automatic
^D = $(patsubst %/,%,$(dir $^))
# environment
MFLAGS = -Rrqp
# environment
XPC_FLAGS = 0x0
# environment
COLORTERM = truecolor
# default
MAKE = $(MAKE_COMMAND)
# environment
LC_TERMINAL = iTerm2
# environment
SHLVL = 3
# environment
TERM_SESSION_ID = w0t1p0:8E63483E-0444-4300-9B78-0C6FBD38F008
# default
MAKE_VERSION := 3.81
# environment
USER = kangkai
# makefile
.DEFAULT_GOAL := 
# default
MAKECMDGOALS := all
# environment
HOMEBREW_BOTTLE_DOMAIN = https://mirrors.aliyun.com/homebrew/homebrew-bottles
# environment
CLASSPATH = /opt/local/zulu8.56.0.23-ca-jdk8.0.302-macosx_aarch64/lib/tools.jar:/opt/local/zulu8.56.0.23-ca-jdk8.0.302-macosx_aarch64/lib/dt.jar:.
# environment
LESS = -R
# automatic
%D = $(patsubst %/,%,$(dir $%))
# default
MAKE_COMMAND := /Applications/Xcode.app/Contents/Developer/usr/bin/make
# environment
TERM_PROGRAM = iTerm.app
# default
.VARIABLES := 
# environment
TMPDIR = /var/folders/xh/jcfp5l3n30b3c0qd4hv4dp5c0000gn/T/
# automatic
*F = $(notdir $*)
# environment
VSCODE_IPC_HOOK = /Users/kangkai/Library/Application Support/Code - Insiders/1.72.0-insider-main.sock
# environment
MallocNanoZone = 0
# makefile
MAKEFLAGS = Rrqp
# environment
CGO_LDFLAGS = -L/opt/local/zulu8.56.0.23-ca-jdk8.0.302-macosx_aarch64/jre/lib/server/ -ljvm -Wl,-rpath,/opt/local/zulu8.56.0.23-ca-jdk8.0.302-macosx_aarch64/jre/lib/server/
# automatic
*D = $(patsubst %/,%,$(dir $*))
# environment
TERM_PROGRAM_VERSION = 3.4.15
# environment
XPC_SERVICE_NAME = application.com.microsoft.VSCodeInsiders.23874243.23874249.50B28A45-6E4B-406A-A38A-FF1F19DD22A7
# environment
LC_TERMINAL_VERSION = 3.4.15
# automatic
+D = $(patsubst %/,%,$(dir $+))
# automatic
+F = $(notdir $+)
# environment
ITERM_SESSION_ID = w0t1p0:8E63483E-0444-4300-9B78-0C6FBD38F008
# environment
COLORFGBG = 15;0
# environment
__CF_USER_TEXT_ENCODING = 0x1F5:0x19:0x34
# environment
COMMAND_MODE = unix2003
# default
MAKEFILES := 
# automatic
<F = $(notdir $<)
# environment
ITERM_PROFILE = Default
# environment
PAGER = less
# environment
LC_ALL = C
# environment
SECURITYSESSIONID = 186b4
# automatic
^F = $(notdir $^)
# default
SUFFIXES := 
# default
.INCLUDE_DIRS = /usr/local/include
# environment
MAKELEVEL := 0
# environment
LANG = C
# environment
TERM = xterm-256color
# environment
VSCODE_PID = 78574
# variable set hash-table stats:
# Load=87/1024=8%, Rehash=0, Collisions=10/108=9%

# Pattern-specific Variable Values

# No pattern-specific variable values.

# Directories

# . (device 16777234, inode 1798729): 10 files, no impossibilities.

# 10 files, no impossibilities in 1 directories.

# Implicit Rules

# No implicit rules.

# Files

# Not a target:
all:
#  Command-line target.
#  Implicit rule search has been done.
#  File does not exist.
#  File has not been updated.
# variable set hash-table stats:
# Load=0/32=0%, Rehash=0, Collisions=0/0=0%

# Not a target:
.SUFFIXES:
#  Implicit rule search has not been done.
#  Modification time never checked.
#  File has not been updated.

# Not a target:
Makefile:
#  A default, MAKEFILES, or -include/sinclude makefile.
#  Implicit rule search has been done.
#  File does not exist.
#  File has been updated.
#  Failed to be updated.
# variable set hash-table stats:
# Load=0/32=0%, Rehash=0, Collisions=0/0=0%

# Not a target:
makefile:
#  A default, MAKEFILES, or -include/sinclude makefile.
#  Implicit rule search has been done.
#  File does not exist.
#  File has been updated.
#  Failed to be updated.
# variable set hash-table stats:
# Load=0/32=0%, Rehash=0, Collisions=0/0=0%

# Not a target:
.DEFAULT:
#  Implicit rule search has not been done.
#  Modification time never checked.
#  File has not been updated.

# Not a target:
GNUmakefile:
#  A default, MAKEFILES, or -include/sinclude makefile.
#  Implicit rule search has been done.
#  File does not exist.
#  File has been updated.
#  Failed to be updated.
# variable set hash-table stats:
# Load=0/32=0%, Rehash=0, Collisions=0/0=0%

# files hash-table stats:
# Load=6/1024=1%, Rehash=0, Collisions=0/17=0%
# VPATH Search Paths

# No `vpath' search paths.

# No general (`VPATH' variable) search path.

# # of strings in strcache: 0
# # of strcache buffers: 0
# strcache size: total = 0 / max = 0 / min = 4096 / avg = 0
# strcache free: total = 0 / max = 0 / min = 4096 / avg = 0

# Finished Make data base on Fri Sep 23 13:52:06 2022

 
make: *** No rule to make target `all'.  Stop.

